<?xml version="1.0" encoding="UTF-8"?>
<!-- Generated by org.testng.reporters.JUnitReportReporter -->
<testsuite skipped="0" hostname="DESKTOP-4FT125E" name="TestCases.TC_001" tests="1" failures="0" timestamp="2020-08-23T21:42:33 IST" time="13.080" errors="0">
  <testcase name="testcase1" time="13.080" classname="TestCases.TC_001"/>
  <system-out/>
</testsuite> <!-- TestCases.TC_001 -->
